#METHOD: POLYNOMIAL ROOTING
#FIRNAME file name effective FIR filter coefficients
test.001
#NO_EFF: (no. of points for effective FIR filter)
101
#FDIG_EFF: (digitization frequency in Hz)
125
#FIRDATA_EFF:
                -26                -247                -822               -1362                -839
               1012                2197                 212               -3443               -3077
               3156                7168                -256              -10709               -7644
              10713               18055               -3873              -28007              -11826
              31641               35194              -22177              -60427               -5404
              77065               51056              -71982             -106905               33416
             156296               43678             -175718             -152408              139856
             270573              -29083             -360427             -162173              371807
             417807             -246840             -693181              -78388              902497
             685231             -865217            -1713558                -262             3276208
            4950471             3276208                -262            -1713558             -865217
             685231              902497              -78388             -693181             -246840
             417807              371807             -162173             -360427              -29083
             270573              139856             -152409             -175718               43678
             156296               33416             -106905              -71982               51056
              77065               -5404              -60427              -22177               35194
              31641              -11826              -28007               -3873               18055
              10713               -7644              -10709                -256                7168
               3156               -3077               -3443                 212                2197
               1012                -839               -1362                -822                -247
                -26 

#CORRECTION FILTER:
#CORR_AR: (No. of AR coefficients := mx)
31
#CORR_AR_DATA: (AR coefficients a[k] for k = 1 to mx)
      8.96467630312      -40.4110006704       121.839600575      -275.480808183        495.98555977
     -736.494024635       921.482809707      -984.117491922       903.605277009      -715.313799039
      487.606650033      -284.603896303        140.57655596      -57.4098017554       18.2795514714
     -3.44627475949      -1.03007655589       2.22049170513      -2.76439119822       3.26393347621
     -3.60761359725       3.57292596874      -3.08282053012       2.26089223713      -1.36310389319
     0.641833606288     -0.215504043341     0.0406057514517    0.00124897168364   -0.00265735992453
  0.000463529325019 

#CORR_MA: (No. of MA coefficients := mx+1)
32
#CORR_MA_DATA: (MA coefficients b[l] for l = 0 to mx)
 -0.000463529325019    0.00265735992453   -0.00124897168364    -0.0406057514517      0.215504043341
    -0.641833606288       1.36310389319      -2.26089223713       3.08282053012      -3.57292596874
      3.60761359725      -3.26393347621       2.76439119822      -2.22049170513       1.03007655589
      3.44627475949      -18.2795514714       57.4098017554       -140.57655596       284.603896303
     -487.606650033       715.313799039      -903.605277009       984.117491922      -921.482809707
      736.494024635       -495.98555977       275.480808183      -121.839600575       40.4110006704
     -8.96467630312                   1 

#TIMETAG: (time tag correction in no. of samples):
0
