#METHOD CEPSTRAL SEPARATION
#FIRNAME file name effective FIR filter coefficients: 
mars88.f
#NO_EFF: (no. of points for effective FIR filter)
175
#FDIG_EFF: (digitization frequency in Hz)
2000.
#FIRDATA_EFF: 
5.30366e-6              0.0000213711            0.00005870949999999999  0.000125164             0.000221207
0.000333641             0.0004319980000000001   0.0004712100000000001   0.00040259              0.000192077
-0.000159411            -0.0006021250000000001  -0.00103874             -0.00134583             -0.00141284
-0.00118715             -0.0007074310000000001  -0.000108036            0.0004148830000000001   0.000669654
0.0005463519999999999   0.00007389700000000001  -0.00057182             -0.00112122             -0.00131348
-0.00101096             -0.000276702            0.000625419             0.00132048              0.00147532
0.000954611             -0.0000904758           -0.00125152             -0.00201369             -0.00197633
-0.00105147             0.0004542540000000001   0.00192845              0.00269441              0.00231431
0.000821492             -0.00123489             -0.0029782              -0.00356812             -0.00259343
-0.0003148689999999999  0.00237333              0.004280420000000001    0.00443459              0.00255917
-0.0007163220000000001  -0.004040300000000001   -0.005880100000000001   -0.00521096             -0.00205085
0.00242543              0.006295030000000001    0.007690669999999999    0.005672990000000001    0.0007757429999999999
-0.00506663             -0.0092484              -0.0096194              -0.0055367              0.00165226
0.0089857               0.0130541               0.0115193               0.004336409999999999    -0.00591826
-0.0148733              -0.0181202              -0.0132334              -0.00118278             0.0135736
0.0245397               0.0257631               0.0145986               -0.00648346             -0.0299239
-0.0451617              -0.0422068              -0.0154812              0.0335058               0.0957492
0.156936                0.201616                0.217979                0.201616                0.156936
0.0957492               0.0335058               -0.0154812              -0.0422068              -0.0451617
-0.0299239              -0.00648346             0.0145986               0.0257631               0.0245397
0.0135736               -0.00118278             -0.0132334              -0.0181202              -0.0148733
-0.00591826             0.004336409999999999    0.0115193               0.0130541               0.0089857
0.00165226              -0.0055367              -0.0096194              -0.0092484              -0.00506663
0.0007757429999999999   0.005672990000000001    0.007690669999999999    0.006295030000000001    0.00242543
-0.00205085             -0.00521096             -0.005880100000000001   -0.004040300000000001   -0.0007163220000000001
0.00255917              0.00443459              0.004280420000000001    0.00237333              -0.0003148689999999999
-0.00259343             -0.00356812             -0.0029782              -0.00123489             0.000821492
0.00231431              0.00269441              0.00192845              0.0004542540000000001   -0.00105147
-0.00197633             -0.00201369             -0.00125152             -0.0000904758           0.000954611
0.00147532              0.00132048              0.000625419             -0.000276702            -0.00101096
-0.00131348             -0.00112122             -0.00057182             0.00007389700000000001  0.0005463519999999999
0.000669654             0.0004148830000000001   -0.000108036            -0.0007074310000000001  -0.00118715
-0.00141284             -0.00134583             -0.00103874             -0.0006021250000000001  -0.000159411
0.000192077             0.00040259              0.0004712100000000001   0.0004319980000000001   0.000333641
0.000221207             0.000125164             0.00005870949999999999  0.0000213711            5.30366e-6
 
#CORRECTION FILTER:
#CORR_AR: (AR coefficients)
87
#CORR_AR_DATA: 
-3.186630829283399   -7.165491878887406   -13.02290778552068   -20.34092231542639    -27.93984741933603
-34.07827578492959   -36.95218450640817   -35.22927761319303   -28.52230757940289    -17.75740205694839
-5.105624481635716   6.582237854181745    14.60235017604984    17.20861105187464     14.23341257935555
7.176662065552109    -1.302564201052241   -8.29430287903367    -11.58723520607871    -10.38654024318261
-5.560562930456653   0.7881670250586426   6.179623394172189    8.68128708753272      7.604004909760512
3.676609736239178    -1.310207211444494   -5.307710180261254   -6.823275528207349    -5.458264167645372
-2.008963781217834   1.944764079575926    4.744444496318821    5.34768785107749      3.691581208698507
0.6552524149952799   -2.384321487367019   -4.157781157853622   -4.038953681339448    -2.23590549771743
0.3493090226416884   2.555976820972827    3.480414493568709    2.8509898096786       1.071276783276234
-1.000334747719167   -2.451942445309915   -2.72316020310614    -1.810142508258864    -0.2136193840753741
1.320755294268756    2.14333775618021     1.967753312459746    0.97238334471356      -0.3303641919010452
-1.35998761816213    -1.697411335531953   -1.272976489899064   -0.3506344376530857   0.620158413569714
1.227502888889246    1.248736926599932    0.7347723106184953   -0.02513620105306136  -0.6708586850916247
-0.954575841183666   -0.7816986011204178  -0.2983496474464278  0.2616786321496018    0.648260678777376
0.7266103945544701   0.504520180968462    0.1237769147121894   -0.2440138982836004   -0.4207633514227683
-0.3662761220742217  -0.1323653744742263  0.1532289702719382   0.377456245913931     0.4612322048287846
0.3941882594221084   0.2551955198197181   0.05761566832744293  -0.1423796802418873   -0.1887937314394741
-0.2024332777674716  -0.1234264215612164
 
#CORR_MA: (MA coefficients)
88
#CORR_MA_DATA: 
0.1234264215612164   0.2024332777674716   0.1887937314394741   0.1423796802418873   -0.05761566832744293
-0.2551955198197181  -0.3941882594221084  -0.4612322048287846  -0.377456245913931   -0.1532289702719382
0.1323653744742263   0.3662761220742217   0.4207633514227683   0.2440138982836004   -0.1237769147121894
-0.504520180968462   -0.7266103945544701  -0.648260678777376   -0.2616786321496018  0.2983496474464278
0.7816986011204178   0.954575841183666    0.6708586850916247   0.02513620105306136  -0.7347723106184953
-1.248736926599932   -1.227502888889246   -0.620158413569714   0.3506344376530857   1.272976489899064
1.697411335531953    1.35998761816213     0.3303641919010452   -0.97238334471356    -1.967753312459746
-2.14333775618021    -1.320755294268756   0.2136193840753741   1.810142508258864    2.72316020310614
2.451942445309915    1.000334747719167    -1.071276783276234   -2.8509898096786     -3.480414493568709
-2.555976820972827   -0.3493090226416884  2.23590549771743     4.038953681339448    4.157781157853622
2.384321487367019    -0.6552524149952799  -3.691581208698507   -5.34768785107749    -4.744444496318821
-1.944764079575926   2.008963781217834    5.458264167645372    6.823275528207349    5.307710180261254
1.310207211444494    -3.676609736239178   -7.604004909760512   -8.68128708753272    -6.179623394172189
-0.7881670250586426  5.560562930456653    10.38654024318261    11.58723520607871    8.29430287903367
1.302564201052241    -7.176662065552109   -14.23341257935555   -17.20861105187464   -14.60235017604984
-6.582237854181745   5.105624481635716    17.75740205694839    28.52230757940289    35.22927761319303
36.95218450640817    34.07827578492959    27.93984741933603    20.34092231542639    13.02290778552068
7.165491878887406  3.186630829283399  1.
 
#TIMETAG (time tag correction in no. of samples): 
87.
 
#                                                      
#----------------------------------------------------------------------------
#                                                      
# How to remove the noncausal FIR filter response from a digital record y[n]:
# 1. Reverse sequence y[n] in time to obtain sequence x'[n]
# 2. Filter reversed input sequence x'[] using the     
#    difference equation:                              
#                                                       
#            mx1               mx2-1                    
#            --                --                       
#    y'[i] =  > a[k]*y'[i-k]   + > b[k+1] x'[i-k]       
#            __                __                       
#            k=1               k=0                      
#                                                       
#    b[k] = MA coefficients for k = 1, no. of MA coefficients 
#    a[k] = AR coefficients for k = 1, no. of AR coefficients 
#    y'[] = output sequence                                   
# 3. Reverse the output sequence y'[] in time again to obtain y[n]!
# 4. Apply the time tag correction!
