#METHOD: POLYNOMIAL ROOTING
#FIRNAME file name effective FIR filter coefficients: 
fir2.f
#NO_EFF: (no. of points for effective FIR filter)
95
#FDIG_EFF: (digitization frequency in Hz)
2000
#FIRDATA_EFF: 
-0.0000470420443420339  -0.0001861672906597869  -0.000292263224731128   -0.0001451307029301629  0.000212190935980228
0.00031027912848713     -0.0001241113717461159  -0.0005234712069433731  -0.000114102743473327   0.0006926237363231741
0.000534481443773404    -0.000695626697669992   -0.001099990847003639   0.000406365968204455    0.00169853002856152
0.0002732461784991119   -0.00213992806004565    -0.00136522975001954    0.00218096464777527     0.002778503152938359
-0.001568412734121769   -0.004278854977615279   0.0001080972868609169   0.005494950853044278    0.002263038755396969
-0.0059503611505428     -0.00541087492655177    0.00513562692918186     0.00895506843763824     -0.002601343814156579
-0.01226505053908439    -0.001939747571209009   0.01447804428879249     0.00851967586276653     -0.01456011839641419
-0.0168651953480981     0.0113402172119918      0.02638377137009579     -0.003446104852498339   -0.0362236372234918
-0.01110300377316709    0.04537788547357189     0.03664001228605029     -0.05282359413465519    -0.0888720738382361
0.05768797670420879     0.312633683223649       0.441072406631232       0.312633683223649       0.05768797670420879
-0.0888720738382361     -0.05282359413465519    0.03664001228605029     0.04537788547357189     -0.01110300377316709
-0.0362236372234918     -0.003446104852498339   0.02638377137009579     0.0113402172119918      -0.0168651953480981
-0.01456011839641419    0.00851967586276653     0.01447804428879249     -0.001939747571209009   -0.01226505053908439
-0.002601343814156579   0.00895506843763824     0.00513562692918186     -0.00541087492655177    -0.0059503611505428
0.002263038755396969    0.005494950853044278    0.0001080972868609169   -0.004278854977615279   -0.001568412734121769
0.002778503152938359    0.00218096464777527     -0.00136522975001954    -0.00213992806004565    0.0002732461784991119
0.00169853002856152     0.000406365968204455    -0.001099990847003639   -0.000695626697669992   0.000534481443773404
0.0006926237363231741   -0.000114102743473327   -0.0005234712069433731  -0.0001241113717461159  0.00031027912848713
0.000212190935980228    -0.0001451307029301629  -0.000292263224731128   -0.0001861672906597869  -0.0000470420443420339
 
#CORRECTION FILTER:
#CORR_AR: (No. of AR coefficients := mx)
24
#CORR_AR_DATA: (AR coeficients a[k] for k = 1 to mx)
7.268729197693287   -22.95533523781497  36.84306993322389   -15.91569318246619  -58.19801126568075
135.098741834177    -115.7004167126107  -31.46052254553316  194.0382884811257   -212.0000465690075
57.04663071720005   128.4485576170049   -186.5982079394435  100.8792593823109   19.98059070538731
-76.29113100304957  59.12337529892185   -18.14138032730272  -6.805242553714013  10.76170223521032
-6.075559179915296  2.003113772261841  -0.3844070038581273  0.03377212506479577
 
#CORR_MA: (no. of MA coefficients := mx+1)
25
#CORR_MA_DATA: (MA coefficients b[l] for l = 0 to mx)
-0.03377212506479577  0.3844070038581273  -2.003113772261841  6.075559179915296   -10.76170223521032
6.805242553714013     18.14138032730272   -59.12337529892185  76.29113100304957   -19.98059070538731
-100.8792593823109    186.5982079394435   -128.4485576170049  -57.04663071720005  212.0000465690075
-194.0382884811257    31.46052254553316   115.7004167126107   -135.098741834177   58.19801126568075
15.91569318246619     -36.84306993322389  22.95533523781497   -7.268729197693287  1
 
#TIMETAG (time tag correction in no. of samples): 
47.
 
#                                                      
#----------------------------------------------------------------------------
#                                                      
# How to remove the noncausal FIR filter response from a digital record x[n]:
# 1. Reverse sequence x[n] in time to obtain sequence x'[n]
# 2. Filter reversed input sequence x'[] using the     
#    difference equation:                              
#                                                       
#            mx                mx                       
#            --                --                       
#    y'[i] =  > a[k]*y'[i-k]   + > b[l] x'[i-l]         
#            __                __                       
#            k=1               l=0                      
#                                                       
#    This corresponds to equ. (8.15) in 'Scherbaum, F: Of poles and zeros,
#    Fundamentals of Digital Seismology, Kluwer Academic Publ., 1996' 
#    mx = number of AR coefficients 
#    b[l] = MA coefficients for l = 0, mx
#    a[k] = AR coefficients for k = 1, mx
#    y'[] = output sequence                                   
# 3. Reverse the output sequence y'[] in time again to obtain the corrected 
#    sequence y[n]! 
# 4. Apply the time tag correction! Since the correction procedure works on
#    the time inverted trace (cf. step 1), a signal front (onset) will appear
#    TIMETAG samples (= TIMETAG/FDIG_EFF secs) too early in the corrected 
#    sequence. In contrast, the envelope of a bandlimited signal, will not be 
#    advanced quite as much. The amount is given by the negative group delay
#    of the correction filter. For a discussion of onset properties and how 
#    they are affected by filters, see Scherbaum, F: Of poles and zeros.
#    
