#METHOD: POLYNOMIAL ROOTING
#FIRNAME file name effective FIR filter coefficients: 
cfir3.out
#NO_EFF: (no. of points for effective FIR filter)
101
#FDIG_EFF: (digitization frequency in Hz)
2000
#FIRDATA_EFF: 
-7.150325000000001e-7  -5.601088e-6            -2.621786e-6            -0.00004314029           -4.647711000000001e-6
1.430065e-6            0.0000234769            1.430065e-6             -0.00005279322999999999  -0.0003666925
0.0003761070999999999  0.0008542255            0.00003050805           -0.001276214             -0.0009109514
0.001276691            0.002151652             -0.0004615535000000001  -0.003337653             -0.001409329
0.003770724            0.004194142000000002    -0.002642879            -0.007201211000000001    -0.0006440058999999999
0.009183997            0.006084449999999999    -0.008578245            -0.01274009              0.003982254000000001
0.01862612             0.005205198000000001    -0.02094068             -0.0181629               0.01666693
0.03224475             -0.003465882            -0.04295284             -0.01932649              0.04430901000000001
0.04979093             -0.02941644             -0.08260782             -0.009341661             0.1075524
0.08166041             -0.1031097              -0.2042083              -0.00003122309           0.3904325
0.5899579000000001     0.3904325               -0.00003122309          -0.2042083               -0.1031097
0.08166041             0.1075524               -0.009341661            -0.08260782              -0.02941644
0.04979093             0.04430901000000001     -0.01932649             -0.04295284              -0.003465882
0.03224475             0.01666693              -0.0181629              -0.02094068              0.005205198000000001
0.01862612             0.003982254000000001    -0.01274009             -0.008578245             0.006084449999999999
0.009183997            -0.0006440058999999999  -0.007201211000000001   -0.002642879             0.004194142000000002
0.003770724            -0.001409329            -0.003337653            -0.0004615535000000001   0.002151652
0.001276691            -0.0009109514           -0.001276214            0.00003050805            0.0008542255
0.0003761070999999999  -0.0003666925           -0.0004103095000000001  0.00002526448            0.0002618211
0.0001206021           -0.00009998538          -0.0001623124           -0.00009795945           -0.0000294355
-3.098474e-6
 
#CORRECTION FILTER:
#CORR_AR: (No. of AR coefficients := mx)
28
#CORR_AR_DATA: (AR coeficients a[k] for k = 1 to mx)
10.591911190611     -55.61558462982339  192.3686273098203   -491.3062387093114   984.358119806336
-1604.77125101232   2180.096938525032   -2509.667330924146  2481.954374142516    -2140.822629285673
1647.820555681026   -1175.932752398908  820.985411109968    -586.5351943501746   428.2590068498474
-305.2367189414543  201.4866782744808   -118.7161468318167  61.04064839628412    -26.94589822038938
10.0424331646365    -3.088172412696168  0.7549108947249025  -0.1362516264662985  0.01464434825866921
0.0001916334429901885  -0.0003546609362663405  0.00004428572097689466
 
#CORR_MA: (no. of MA coefficients := mx+1)
29
#CORR_MA_DATA: (MA coefficients b[l] for l = 0 to mx)
-0.00004428572097689466  0.0003546609362663405  -0.0001916334429901885  -0.01464434825866921  0.1362516264662985
-0.7549108947249025      3.088172412696168      -10.0424331646365       26.94589822038938     -61.04064839628412
118.7161468318167        -201.4866782744808     305.2367189414543       -428.2590068498474    586.5351943501746
-820.985411109968        1175.932752398908      -1647.820555681026      2140.822629285673     -2481.954374142516
2509.667330924146        -2180.096938525032     1604.77125101232        -984.358119806336     491.3062387093114
-192.3686273098203  55.61558462982339  -10.591911190611  1
 
#TIMETAG (time tag correction in no. of samples): 
50.
 
#                                                      
#----------------------------------------------------------------------------
#                                                      
# How to remove the noncausal FIR filter response from a digital record x[n]:
# 1. Reverse sequence x[n] in time to obtain sequence x'[n]
# 2. Filter reversed input sequence x'[] using the     
#    difference equation:                              
#                                                       
#            mx                mx                       
#            --                --                       
#    y'[i] =  > a[k]*y'[i-k]   + > b[l] x'[i-l]         
#            __                __                       
#            k=1               l=0                      
#                                                       
#    This corresponds to equ. (8.15) in 'Scherbaum, F: Of poles and zeros,
#    Fundamentals of Digital Seismology, Kluwer Academic Publ., 1996' 
#    mx = number of AR coefficients 
#    b[l] = MA coefficients for l = 0, mx
#    a[k] = AR coefficients for k = 1, mx
#    y'[] = output sequence                                   
# 3. Reverse the output sequence y'[] in time again to obtain the corrected 
#    sequence y[n]! 
# 4. Apply the time tag correction! Since the correction procedure works on
#    the time inverted trace (cf. step 1), a signal front (onset) will appear
#    TIMETAG samples (= TIMETAG/FDIG_EFF secs) too early in the corrected 
#    sequence. In contrast, the envelope of a bandlimited signal, will not be 
#    advanced quite as much. The amount is given by the negative group delay
#    of the correction filter. For a discussion of onset properties and how 
#    they are affected by filters, see Scherbaum, F: Of poles and zeros.
#    
