#METHOD CEPSTRAL SEPARATION
#FIRNAME file name effective FIR filter coefficients: 
stage6_1.fir
#NO_EFF: (no. of points for effective FIR filter)
256
#FDIG_EFF: (digitization frequency in Hz)
10.
#FIRDATA_EFF: 
-0.0000331808259        -0.00003354392169999999  -0.00004823719060000001  -0.0000649959692         -0.0000830358038
-0.000101245714         -0.000118189382          -0.000132183893          -0.000141376397          -0.000143858197
-0.000137814015         -0.000121701065          -0.00009438127           -0.00005534262520000001  -4.818551580000001e-6
0.000056110115          0.000125405466           0.000200132388           0.000276466715           0.000349889713
0.000415386312          0.000467754696           0.0005019438100000002    0.0005134518139999999    0.0004987141580000002
0.0004554932530000001   0.000383213133           0.000283200003           0.000158837138           0.0000155632479
-0.000139264681         -0.000296663784          -0.0004464884690000001   -0.000578007369          -0.0006806098389999999
-0.0007445612560000001  -0.0007617911320000001   -0.0007266316090000001   -0.000636476674          -0.0004922714430000001
-0.0002988080659999999  -0.00006476695850000001  0.000197518951           0.000472575745           0.0007425851640000002
0.000988417305          0.00119085843            0.00133196066            0.00139642158            0.00137290347
0.00125518581           0.00104305975            0.0007428685780000001    0.000367638306           -0.00006326549180000001
-0.0005249495729999999  -0.000988272832          -0.00142153236           -0.00179246883           -0.00207048119
-0.00222890312          -0.00224718707           -0.00211283634           -0.00182292564           -0.0013850698
-0.000817732012         -0.000149794796          0.000580632651           0.00132813945            0.00204260158
0.00267229043           0.00316733448            0.00348331313            0.003584744639999999     0.00344821577
0.00306491274           0.00244233082            0.00160498975            0.000594030018           -0.00053436082
-0.001711667859999999   -0.00286081154           -0.00390077033           -0.004751808470000001    -0.005341001320000001
-0.00560769997          -0.005508568600000001    -0.005021824500000001    -0.00415033754           -0.00292331539
-0.00139635056          0.0003502753380000001    0.00221504341            0.004080297890000001     0.00581877865
0.00730125745           0.00840486213            0.00902161467            0.00906663666            0.00848551559
0.00726029043           0.005413629580000001     0.00301081105            0.000159275558           -0.00299437646
-0.006269900119999999   -0.00946124735           -0.0123463925            -0.0146986684            -0.0162990372
-0.0169486161           -0.01648077              -0.0147720501            -0.0117513221            -0.00740648619
-0.00178834004          0.0049887523             0.0127495108             0.0212636795             0.0302550234
0.039412979             0.04840638860000001      0.0568986311             0.0645633786             0.07110010830000002
0.07624860840000001     0.07980164880000001      0.0816151052             0.0816151052             0.07980164880000001
0.07624860840000001     0.07110010830000002      0.0645633786             0.0568986311             0.04840638860000001
0.039412979             0.0302550234             0.0212636795             0.0127495108             0.0049887523
-0.00178834004          -0.00740648619           -0.0117513221            -0.0147720501            -0.01648077
-0.0169486161           -0.0162990372            -0.0146986684            -0.0123463925            -0.00946124735
-0.006269900119999999   -0.00299437646           0.000159275558           0.00301081105            0.005413629580000001
0.00726029043           0.00848551559            0.00906663666            0.00902161467            0.00840486213
0.00730125745           0.00581877865            0.004080297890000001     0.00221504341            0.0003502753380000001
-0.00139635056          -0.00292331539           -0.00415033754           -0.005021824500000001    -0.005508568600000001
-0.00560769997          -0.005341001320000001    -0.004751808470000001    -0.00390077033           -0.00286081154
-0.001711667859999999   -0.00053436082           0.000594030018           0.00160498975            0.00244233082
0.00306491274           0.00344821577            0.003584744639999999     0.00348331313            0.00316733448
0.00267229043           0.00204260158            0.00132813945            0.000580632651           -0.000149794796
-0.000817732012         -0.0013850698            -0.00182292564           -0.00211283634           -0.00224718707
-0.00222890312          -0.00207048119           -0.00179246883           -0.00142153236           -0.000988272832
-0.0005249495729999999  -0.00006326549180000001  0.000367638306           0.0007428685780000001    0.00104305975
0.00125518581           0.00137290347            0.00139642158            0.00133196066            0.00119085843
0.000988417305          0.0007425851640000002    0.000472575745           0.000197518951           -0.00006476695850000001
-0.0002988080659999999  -0.0004922714430000001   -0.000636476674          -0.0007266316090000001   -0.0007617911320000001
-0.0007445612560000001  -0.0006806098389999999   -0.000578007369          -0.0004464884690000001   -0.000296663784
-0.000139264681         0.0000155632479          0.000158837138           0.000283200003           0.000383213133
0.0004554932530000001   0.0004987141580000002    0.0005134518139999999    0.0005019438100000002    0.000467754696
0.000415386312          0.000349889713           0.000276466715           0.000200132388           0.000125405466
0.000056110115          -4.818551580000001e-6    -0.00005534262520000001  -0.00009438127           -0.000121701065
-0.000137814015         -0.000143858197          -0.000141376397          -0.000132183893          -0.000118189382
-0.000101245714         -0.0000830358038         -0.0000649959692         -0.00004823719060000001  -0.00003354392169999999
-0.0000331808259
 
#CORRECTION FILTER:
#CORR_AR: (AR coefficients)
128
#CORR_AR_DATA: 
-1.035475915528085   -1.420619104685457   -2.072805417748507    -2.707639478413503    -3.491817558239453
-4.283355733277931   -5.180214779237936   -6.081069501923523    -7.028402779580729    -7.918640757639399
-8.760592278541      -9.46554893185911    -10.04355251447871    -10.43198171179334    -10.64400299789877
-10.62786890854403   -10.3949919059492    -9.90780039989933     -9.19423394622694     -8.24847164858597
-7.124309160382225   -5.841995737703581   -4.466898556286017    -3.029052110240483    -1.596217183563844
-0.2045881547347224  1.077371275410112    2.214076677122557     3.149429951400328     3.865244971313288
4.330742335608092    4.551168566866206    4.519031116073465     4.258517901525727     3.782511992954009
3.134768045229812    2.34953140225242     1.487073335037473     0.5926152869637821    -0.2729858772879505
-1.070773478226978   -1.752940276114043   -2.294987322997579    -2.666437504405575    -2.860760300996379
-2.869029487447678   -2.707043539339174   -2.388702146448122    -1.948407446969642    -1.414083295059647
-0.827634589681855   -0.2207477388867326  0.3646457478809393    0.898718026932485     1.345259781370117
1.68402437551268     1.893744422298056    1.972065789790013     1.91738844545115      1.745059290220144
1.468822515858969    1.115658720994543    0.7085183413115468    0.2803441284058618    -0.1428208069975183
-0.5295993535935284  -0.859715924216963   -1.111917314497085    -1.278111277408198    -1.350070479318285
-1.331701160233899   -1.225987746469291   -1.046859780505775    -0.806906617526119    -0.5281578218427132
-0.229290330500369   0.06522210830050929  0.3378760947349845    0.5690570252193653    0.7482512458917424
0.864340691222853    0.915615891087921    0.900227626972484     0.825578601963845     0.6986325320372801
0.5340854664873339   0.344070762725611    0.1454528994181141    -0.04990121759418677  -0.2275890240664743
-0.3791270386508931  -0.4942847660299316  -0.5692026326073156   -0.5991551212593577   -0.5864205218165579
-0.5329091865344852  -0.4470665040783931  -0.3357718338232642   -0.2107439800123565   -0.0802668286598744
0.04411770757002121  0.1556147085322785   0.2453113213533627    0.3100769167248037    0.3456218153782171
0.3538228844761777   0.335298041849722    0.2959035440195686    0.2390217198345541    0.1717667607608466
0.0978997974691748   0.02420428671445796  -0.04609976135433067  -0.107079450191433    -0.1566547349964976
-0.1907066450090735  -0.2094233373005748  -0.2113675832952912   -0.1993779659671245   -0.174278983041011
-0.1405918286035096  -0.1002702357911931  -0.05844177674197124  -0.01705021446798975  0.01899123688054817
0.04897203080384313  0.06972253188793937  0.0821456320859802
 
#CORR_MA: (MA coefficients)
129
#CORR_MA_DATA: 
-0.0821456320859802  -0.06972253188793937  -0.04897203080384313  -0.01899123688054817  0.01705021446798975
0.05844177674197124  0.1002702357911931    0.1405918286035096    0.174278983041011     0.1993779659671245
0.2113675832952912   0.2094233373005748    0.1907066450090735    0.1566547349964976    0.107079450191433
0.04609976135433067  -0.02420428671445796  -0.0978997974691748   -0.1717667607608466   -0.2390217198345541
-0.2959035440195686  -0.335298041849722    -0.3538228844761777   -0.3456218153782171   -0.3100769167248037
-0.2453113213533627  -0.1556147085322785   -0.04411770757002121  0.0802668286598744    0.2107439800123565
0.3357718338232642   0.4470665040783931    0.5329091865344852    0.5864205218165579    0.5991551212593577
0.5692026326073156   0.4942847660299316    0.3791270386508931    0.2275890240664743    0.04990121759418677
-0.1454528994181141  -0.344070762725611    -0.5340854664873339   -0.6986325320372801   -0.825578601963845
-0.900227626972484   -0.915615891087921    -0.864340691222853    -0.7482512458917424   -0.5690570252193653
-0.3378760947349845  -0.06522210830050929  0.229290330500369     0.5281578218427132    0.806906617526119
1.046859780505775    1.225987746469291     1.331701160233899     1.350070479318285     1.278111277408198
1.111917314497085    0.859715924216963     0.5295993535935284    0.1428208069975183    -0.2803441284058618
-0.7085183413115468  -1.115658720994543    -1.468822515858969    -1.745059290220144    -1.91738844545115
-1.972065789790013   -1.893744422298056    -1.68402437551268     -1.345259781370117    -0.898718026932485
-0.3646457478809393  0.2207477388867326    0.827634589681855     1.414083295059647     1.948407446969642
2.388702146448122    2.707043539339174     2.869029487447678     2.860760300996379     2.666437504405575
2.294987322997579    1.752940276114043     1.070773478226978     0.2729858772879505    -0.5926152869637821
-1.487073335037473   -2.34953140225242     -3.134768045229812    -3.782511992954009    -4.258517901525727
-4.519031116073465   -4.551168566866206    -4.330742335608092    -3.865244971313288    -3.149429951400328
-2.214076677122557   -1.077371275410112    0.2045881547347224    1.596217183563844     3.029052110240483
4.466898556286017    5.841995737703581     7.124309160382225     8.24847164858597      9.19423394622694
9.90780039989933     10.3949919059492      10.62786890854403     10.64400299789877     10.43198171179334
10.04355251447871    9.46554893185911      8.760592278541        7.918640757639399     7.028402779580729
6.081069501923523    5.180214779237936     4.283355733277931     3.491817558239453     2.707639478413503
2.072805417748507  1.420619104685457  1.035475915528085  1.
 
#TIMETAG (time tag correction in no. of samples): 
127.5
 
#                                                      
#----------------------------------------------------------------------------
#                                                      
# How to remove the noncausal FIR filter response from a digital record y[n]:
# 1. Reverse sequence y[n] in time to obtain sequence x'[n]
# 2. Filter reversed input sequence x'[] using the     
#    difference equation:                              
#                                                       
#            mx1               mx2-1                    
#            --                --                       
#    y'[i] =  > a[k]*y'[i-k]   + > b[k+1] x'[i-k]       
#            __                __                       
#            k=1               k=0                      
#                                                       
#    b[k] = MA coefficients for k = 1, no. of MA coefficients 
#    a[k] = AR coefficients for k = 1, no. of AR coefficients 
#    y'[] = output sequence                                   
# 3. Reverse the output sequence y'[] in time again to obtain y[n]!
# 4. Apply the time tag correction!
