#METHOD: POLYNOMIAL ROOTING
#FIRNAME file name effective FIR filter coefficients: 
stage3.fir
#NO_EFF: (no. of points for effective FIR filter)
64
#FDIG_EFF: (digitization frequency in Hz)
80.
#FIRDATA_EFF: 
0.000288049545  0.00155313976         0.00298230513         0.00251714466   -0.000502926821
-0.00281205843  -0.000808708369       0.00321542984         0.00271266      -0.00291550322
-0.00509429071  0.00133933034         0.007400343659999999  0.00182796526   -0.00881958286
-0.00656719319  0.00838608573         0.0124268681          -0.00512978853  -0.0184868593
-0.00179236766  0.0233604181          0.0130477296          -0.0251709446   -0.0293134767
0.0212669298    0.05218989770000001   -0.00661517353        -0.0883535221   -0.03660623730000001
0.186273292     0.4037644860000001    0.4037644860000001    0.186273292     -0.03660623730000001
-0.0883535221   -0.00661517353        0.05218989770000001   0.0212669298    -0.0293134767
-0.0251709446   0.0130477296          0.0233604181          -0.00179236766  -0.0184868593
-0.00512978853  0.0124268681          0.00838608573         -0.00656719319  -0.00881958286
0.00182796526   0.007400343659999999  0.00133933034         -0.00509429071  -0.00291550322
0.00271266      0.00321542984         -0.000808708369       -0.00281205843  -0.000502926821
0.00251714466  0.00298230513  0.00155313976  0.000288049545
 
#CORRECTION FILTER:
#CORR_AR: (No. of AR coefficients := mx)
13
#CORR_AR_DATA: (AR coeficients a[k] for k = 1 to mx)
7.280781167443616  -25.45678496093339  56.28422091360103   -87.1534357233973  98.722530274719
-82.6172168652198  49.82653690060739   -19.62822114573239  3.02005009942739   1.675117960793054
-1.291982056378263  0.385595830093902  -0.04763073403337374
 
#CORR_MA: (no. of MA coefficients := mx+1)
14
#CORR_MA_DATA: (MA coefficients b[l] for l = 0 to mx)
0.04763073403337374  -0.385595830093902  1.291982056378263  -1.675117960793054  -3.02005009942739
19.62822114573239    -49.82653690060739  82.6172168652198   -98.722530274719    87.1534357233973
-56.28422091360103  25.45678496093339  -7.280781167443616  1
 
#TIMETAG (time tag correction in no. of samples): 
31.5
 
#                                                      
#----------------------------------------------------------------------------
#                                                      
# How to remove the noncausal FIR filter response from a digital record x[n]:
# 1. Reverse sequence x[n] in time to obtain sequence x'[n]
# 2. Filter reversed input sequence x'[] using the     
#    difference equation:                              
#                                                       
#            mx                mx                       
#            --                --                       
#    y'[i] =  > a[k]*y'[i-k]   + > b[l] x'[i-l]         
#            __                __                       
#            k=1               l=0                      
#                                                       
#    This corresponds to equ. (8.15) in 'Scherbaum, F: Of poles and zeros,
#    Fundamentals of Digital Seismology, Kluwer Academic Publ., 1996' 
#    mx = number of AR coefficients 
#    b[l] = MA coefficients for l = 0, mx
#    a[k] = AR coefficients for k = 1, mx
#    y'[] = output sequence                                   
# 3. Reverse the output sequence y'[] in time again to obtain the corrected 
#    sequence y[n]! 
# 4. Apply the time tag correction! Since the correction procedure works on
#    the time inverted trace (cf. step 1), a signal front (onset) will appear
#    TIMETAG samples (= TIMETAG/FDIG_EFF secs) too early in the corrected 
#    sequence. In contrast, the envelope of a bandlimited signal, will not be 
#    advanced quite as much. The amount is given by the negative group delay
#    of the correction filter. For a discussion of onset properties and how 
#    they are affected by filters, see Scherbaum, F: Of poles and zeros.
#    
