#METHOD: POLYNOMIAL ROOTING
#FIRNAME file name effective FIR filter coefficients: 
fir5.f.dec_0
#NO_EFF: (no. of points for effective FIR filter)
47
#FDIG_EFF: (digitization frequency in Hz)
20
#FIRDATA_EFF: 
-0.00001098891694736230024195388493835  -0.0000409588596032283027261258756546  0.0001588415334332359842278020733985   -0.000064935185886652696768232828628  0.0000329667508420867973878420897904
0.0001308696179676550040184290768508    -0.000353648021490023003847447125025   0.000638364802712823066477287881071    -0.000903101312032769101487139629114  0.001056948010089499810637558852022
-0.00098302146924735401938011403189     0.00057143112443747005099042857168     0.0002507503189879479771513814956307   -0.001487519845806299862225885455302  0.003045968959070109813996873882047
-0.00472329999235827999864989479306     0.00620582500278807000504421864662     -0.00707595909878033953177567383364    0.00682720680698268005820450454735    -0.00483219177643120969406487219544
0.0001738269699595840049339418031948    0.00910094453718608871473083610226     -0.03013701354925180098121018090751    0.1421235868288630022071572511777     0.105340186305155000812128207599
-0.0376225654308501022971000793405      0.01866642644192699831973136781471     -0.00847456743241655971465853269819    0.002065944298008980020003866329148   0.00192308651689960998648620815743
-0.00409192851741066020848647255548     0.00486515899247171035302272912304     -0.00463139167200198043072845166535    0.0037682504385765001019004127869     -0.002617395615742010121784755227736
0.001458548684146370030476069779013     -0.000484517639457677953655767577601   -0.0002017988854251640093613595627886  0.000581421260388897010590314451406   -0.000694309098842399051096374584802
0.000623379366186474991561039526999     -0.000448553615230956050866778506148   0.0002637372631255960179520736463843   -0.000085914238785441809226339771044  0.00002497510727935980075274484402126
0.0001188814548259429831802286292586  -0.0000479521873684343030979498889721
 
#CORRECTION FILTER:
#CORR_AR: (No. of AR coefficients := mx)
23
#CORR_AR_DATA: (AR coeficients a[k] for k = 1 to mx)
-0.05903758293963413  0.2385732968215295     -0.2635555188455184   0.2289619357580517     -0.1710182905085627
0.108810914179389     -0.05321451056957418   0.00987251441982118   0.01929200414694224    -0.03501872196393516
0.03972882546258044   -0.03666455987901926   0.02916899339366279   -0.02013453437875726   0.01168200938929282
-0.00505655042146447  0.0006817245992855039  0.001541908693544463  -0.002254242478013633  0.001829836839664757
-0.001458333252720025  0.0002512638900713125  0.0000876018079370691
 
#CORR_MA: (no. of MA coefficients := mx+1)
24
#CORR_MA_DATA: (MA coefficients b[l] for l = 0 to mx)
-0.0000876018079370691  -0.0002512638900713125  0.001458333252720025  -0.001829836839664757  0.002254242478013633
-0.001541908693544463   -0.0006817245992855039  0.00505655042146447   -0.01168200938929282   0.02013453437875726
-0.02916899339366279    0.03666455987901926     -0.03972882546258044  0.03501872196393516    -0.01929200414694224
-0.00987251441982118    0.05321451056957418     -0.108810914179389    0.1710182905085627     -0.2289619357580517
0.2635555188455184  -0.2385732968215295  0.05903758293963413  1
 
#TIMETAG (time tag correction in no. of samples): 
23.
 
#                                                      
#----------------------------------------------------------------------------
#                                                      
# How to remove the noncausal FIR filter response from a digital record x[n]:
# 1. Reverse sequence x[n] in time to obtain sequence x'[n]
# 2. Filter reversed input sequence x'[] using the     
#    difference equation:                              
#                                                       
#            mx                mx                       
#            --                --                       
#    y'[i] =  > a[k]*y'[i-k]   + > b[l] x'[i-l]         
#            __                __                       
#            k=1               l=0                      
#                                                       
#    This corresponds to equ. (8.15) in 'Scherbaum, F: Of poles and zeros,
#    Fundamentals of Digital Seismology, Kluwer Academic Publ., 1996' 
#    mx = number of AR coefficients 
#    b[l] = MA coefficients for l = 0, mx
#    a[k] = AR coefficients for k = 1, mx
#    y'[] = output sequence                                   
# 3. Reverse the output sequence y'[] in time again to obtain the corrected 
#    sequence y[n]! 
# 4. Apply the time tag correction! Since the correction procedure works on
#    the time inverted trace (cf. step 1), a signal front (onset) will appear
#    TIMETAG samples (= TIMETAG/FDIG_EFF secs) too early in the corrected 
#    sequence. In contrast, the envelope of a bandlimited signal, will not be 
#    advanced quite as much. The amount is given by the negative group delay
#    of the correction filter. For a discussion of onset properties and how 
#    they are affected by filters, see Scherbaum, F: Of poles and zeros.
#    
