#METHOD: POLYNOMIAL ROOTING
#FIRNAME file name effective FIR filter coefficients: 
fir4.s
#NO_EFF: (no. of points for effective FIR filter)
81
#FDIG_EFF: (digitization frequency in Hz)
2000
#FIRDATA_EFF: 
0.0000150122514852947    0.0000380311613748288   0.00006805566434541821  0.0000870717110781413   0.00006705506506754261
-0.00002201784456634989  -0.000197162332045817   -0.0004403624838719999  -0.0006845637187710001  -0.000818674297199165
-0.000709584275509366    -0.000263216797835484   0.0005154246733877931   0.00147521515984841     0.00231290550378
0.00263617177360227      0.00209372486112282     0.0005404452478783872   -0.00182150560522       -0.00439261917874101
-0.00626816492857484     -0.006494351164313379   -0.00441463748935267    -0.0000320261675716492  0.00578776868663764
0.0113683671842695       0.0145900218922966      0.0135361536356315      0.00723896480336394     -0.00375168247481
-0.0168739039584295      -0.028320335596095      -0.0333925150134201     -0.0279440254473676     -0.00962092750285815
0.0211724458330113       0.0609462195919435      0.10360336907155        0.141667733844401       0.167972432769
0.177364148036           0.167972432769          0.141667733844401       0.10360336907155        0.0609462195919435
0.0211724458330113       -0.00962092750285815    -0.0279440254473676     -0.0333925150134201     -0.028320335596095
-0.0168739039584295      -0.00375168247481       0.00723896480336394     0.0135361536356315      0.0145900218922966
0.0113683671842695       0.00578776868663764     -0.0000320261675716492  -0.00441463748935267    -0.006494351164313379
-0.00626816492857484     -0.00439261917874101    -0.00182150560522       0.0005404452478783872   0.00209372486112282
0.00263617177360227      0.00231290550378        0.00147521515984841     0.0005154246733877931   -0.000263216797835484
-0.000709584275509366    -0.000818674297199165   -0.0006845637187710001  -0.0004403624838719999  -0.000197162332045817
-0.00002201784456634989  0.00006705506506754261  0.0000870717110781413   0.00006805566434541821  0.0000380311613748288
0.0000150122514852947
 
#CORRECTION FILTER:
#CORR_AR: (No. of AR coefficients := mx)
32
#CORR_AR_DATA: (AR coeficients a[k] for k = 1 to mx)
0.6370631488959183    -0.871703549800488    -0.2028045125233269    -0.2558966214788498   -0.149708946002622
0.001559691861138024  0.06734227974799168   0.2030155004564871     0.1237220197231403    0.1578634045018674
0.0870595133678638    -0.0113160563514022   -0.06608473931982651   -0.0934420519104409   -0.097435277442801
-0.05967215148344016  -0.01711252215349132  0.02682543975136925    0.04177622449086236   0.04570954273399109
0.05139945888751053   0.001871187020511478  -0.000978647387046394  -0.01938091910244064  -0.02580817807295185
-0.01342137553777084  -0.00927553202809228  -0.002015653047668153  0.02549004549870928   -0.0435852812250322
0.07455634279092277  -0.03444511665180822
 
#CORR_MA: (no. of MA coefficients := mx+1)
33
#CORR_MA_DATA: (MA coefficients b[l] for l = 0 to mx)
0.03444511665180822    -0.07455634279092277   0.0435852812250322    -0.02549004549870928  0.002015653047668153
0.00927553202809228    0.01342137553777084    0.02580817807295185   0.01938091910244064   0.000978647387046394
-0.001871187020511478  -0.05139945888751053   -0.04570954273399109  -0.04177622449086236  -0.02682543975136925
0.01711252215349132    0.05967215148344016    0.097435277442801     0.0934420519104409    0.06608473931982651
0.0113160563514022     -0.0870595133678638    -0.1578634045018674   -0.1237220197231403   -0.2030155004564871
-0.06734227974799168   -0.001559691861138024  0.149708946002622     0.2558966214788498    0.2028045125233269
0.871703549800488  -0.6370631488959183  1
 
#TIMETAG (time tag correction in no. of samples): 
40.
 
#                                                      
#----------------------------------------------------------------------------
#                                                      
# How to remove the noncausal FIR filter response from a digital record x[n]:
# 1. Reverse sequence x[n] in time to obtain sequence x'[n]
# 2. Filter reversed input sequence x'[] using the     
#    difference equation:                              
#                                                       
#            mx                mx                       
#            --                --                       
#    y'[i] =  > a[k]*y'[i-k]   + > b[l] x'[i-l]         
#            __                __                       
#            k=1               l=0                      
#                                                       
#    This corresponds to equ. (8.15) in 'Scherbaum, F: Of poles and zeros,
#    Fundamentals of Digital Seismology, Kluwer Academic Publ., 1996' 
#    mx = number of AR coefficients 
#    b[l] = MA coefficients for l = 0, mx
#    a[k] = AR coefficients for k = 1, mx
#    y'[] = output sequence                                   
# 3. Reverse the output sequence y'[] in time again to obtain the corrected 
#    sequence y[n]! 
# 4. Apply the time tag correction! Since the correction procedure works on
#    the time inverted trace (cf. step 1), a signal front (onset) will appear
#    TIMETAG samples (= TIMETAG/FDIG_EFF secs) too early in the corrected 
#    sequence. In contrast, the envelope of a bandlimited signal, will not be 
#    advanced quite as much. The amount is given by the negative group delay
#    of the correction filter. For a discussion of onset properties and how 
#    they are affected by filters, see Scherbaum, F: Of poles and zeros.
#    
