#METHOD: POLYNOMIAL ROOTING
#FIRNAME file name effective FIR filter coefficients: 
fir4.f.dec_0
#NO_EFF: (no. of points for effective FIR filter)
48
#FDIG_EFF: (digitization frequency in Hz)
20
#FIRDATA_EFF: 
-0.00001498613905889470098429551436769  -0.0000999082140388527964848866536052  0.0001478641381681160195827456904638  -0.00002197954655713469900436655979359  -0.0000349675027258656962955186975339
0.0002837396442299149946532355048845    -0.000528514954718970982917858325578   0.00084322666636375506223066711442    -0.001040046052723549900934085776782    0.001066022430295679966627542256674
-0.000749312535760728016219489600047    0.00002797409522762579991940132262407  0.001154940871055960133206852447074   -0.002711513246392160177838936974126    0.00446890183910315062776330563565
-0.00610140469903090992137562054154     0.00718940714111838963251699397006     -0.00721438419462809999577190822606   0.00559686747375924033287564185457      -0.001652484223594729824749482993695
-0.00560486020531989013321316761562     0.01833918253028789940861642548953     -0.0443892946793843015673708407576    0.1560449064151069875627797500783       0.1560449064151069875627797500783
-0.0443892946793843015673708407576      0.01833918253028789940861642548953     -0.00560486020531989013321316761562   -0.001652484223594729824749482993695    0.00559686747375924033287564185457
-0.00721438419462809999577190822606     0.00718940714111838963251699397006     -0.00610140469903090992137562054154   0.00446890183910315062776330563565      -0.002711513246392160177838936974126
0.001154940871055960133206852447074     0.00002797409522762579991940132262407  -0.000749312535760728016219489600047  0.001066022430295679966627542256674     -0.001040046052723549900934085776782
0.00084322666636375506223066711442      -0.000528514954718970982917858325578   0.0002837396442299149946532355048845  -0.0000349675027258656962955186975339   -0.00002197954655713469900436655979359
0.0001478641381681160195827456904638  -0.0000999082140388527964848866536052  -0.00001498613905889470098429551436769
 
#CORRECTION FILTER:
#CORR_AR: (No. of AR coefficients := mx)
23
#CORR_AR_DATA: (AR coeficients a[k] for k = 1 to mx)
0.03822910097074594    0.1923356875647183    -0.2545221621640804    0.2425472672557782     -0.195880809765742
0.1368088058707753     -0.07903467116680505  0.03055175240329761    0.004866348901137574   -0.02665082797626519
0.03636628061984917    -0.03692540246530979  0.031565488456671      -0.02346445492320656   0.01496492789221325
-0.007823795545469709  0.002600203731754727  0.0003256177597767167  -0.001736850034696394  0.001654416166421147
-0.001449185337848334  0.0005466844448363029  0.0000958265497930072
 
#CORR_MA: (no. of MA coefficients := mx+1)
24
#CORR_MA_DATA: (MA coefficients b[l] for l = 0 to mx)
-0.0000958265497930072  -0.0005466844448363029  0.001449185337848334  -0.001654416166421147  0.001736850034696394
-0.0003256177597767167  -0.002600203731754727   0.007823795545469709  -0.01496492789221325   0.02346445492320656
-0.031565488456671      0.03692540246530979     -0.03636628061984917  0.02665082797626519    -0.004866348901137574
-0.03055175240329761    0.07903467116680505     -0.1368088058707753   0.195880809765742      -0.2425472672557782
0.2545221621640804  -0.1923356875647183  -0.03822910097074594  1
 
#TIMETAG (time tag correction in no. of samples): 
23.5
 
#                                                      
#----------------------------------------------------------------------------
#                                                      
# How to remove the noncausal FIR filter response from a digital record x[n]:
# 1. Reverse sequence x[n] in time to obtain sequence x'[n]
# 2. Filter reversed input sequence x'[] using the     
#    difference equation:                              
#                                                       
#            mx                mx                       
#            --                --                       
#    y'[i] =  > a[k]*y'[i-k]   + > b[l] x'[i-l]         
#            __                __                       
#            k=1               l=0                      
#                                                       
#    This corresponds to equ. (8.15) in 'Scherbaum, F: Of poles and zeros,
#    Fundamentals of Digital Seismology, Kluwer Academic Publ., 1996' 
#    mx = number of AR coefficients 
#    b[l] = MA coefficients for l = 0, mx
#    a[k] = AR coefficients for k = 1, mx
#    y'[] = output sequence                                   
# 3. Reverse the output sequence y'[] in time again to obtain the corrected 
#    sequence y[n]! 
# 4. Apply the time tag correction! Since the correction procedure works on
#    the time inverted trace (cf. step 1), a signal front (onset) will appear
#    TIMETAG samples (= TIMETAG/FDIG_EFF secs) too early in the corrected 
#    sequence. In contrast, the envelope of a bandlimited signal, will not be 
#    advanced quite as much. The amount is given by the negative group delay
#    of the correction filter. For a discussion of onset properties and how 
#    they are affected by filters, see Scherbaum, F: Of poles and zeros.
#    
