#METHOD: POLYNOMIAL ROOTING
#FIRNAME file name effective FIR filter coefficients: 
fir5.s
#NO_EFF: (no. of points for effective FIR filter)
99
#FDIG_EFF: (digitization frequency in Hz)
2000
#FIRDATA_EFF: 
0.0000195098827311      0.000016015495485739    0.0000217165493865      0.0000170167261473813   -5.004754941365571e-6
-0.0000560553995057914  -0.000139137501163977   -0.00025224906471492    -0.000379375795164      -0.0004904846291451049
-0.000544538499572175   -0.0004954898587520001  -0.000305301704480349   0.00004003943789777049  0.000519513792620783
0.00106605428739396     0.00156654889254408     0.00187985904395072     0.00185883832740133     0.0013943787036247
0.0004524471864483371   -0.000891881637151297   -0.00244041350513092    -0.00388684408398168    -0.004856867849800001
-0.004986931823670411   -0.004012968383278      -0.00186484431300434    0.0012722579286081      0.004930876424164621
0.0084063135241351      0.0108557362407317      0.011465338885153       0.00963653048576671     0.005170113219256441
-0.00159357559469647    -0.00973062332796927    -0.0177895937145252     -0.0239687045910082     -0.0263971065910554
-0.0234561980146521     -0.0141149592573607     0.00180478492309654     0.0234952366885         0.0491706293695107
0.0762664271583709      0.101770650881613       0.122659309861177       0.136352852624643       0.141120568071354
0.136352852624643       0.122659309861177       0.101770650881613       0.0762664271583709      0.0491706293695107
0.0234952366885         0.00180478492309654     -0.0141149592573607     -0.0234561980146521     -0.0263971065910554
-0.0239687045910082     -0.0177895937145252     -0.00973062332796927    -0.00159357559469647    0.005170113219256441
0.00963653048576671     0.011465338885153       0.0108557362407317      0.0084063135241351      0.004930876424164621
0.0012722579286081      -0.00186484431300434    -0.004012968383278      -0.004986931823670411   -0.004856867849800001
-0.00388684408398168    -0.00244041350513092    -0.000891881637151297   0.0004524471864483371   0.0013943787036247
0.00185883832740133     0.00187985904395072     0.00156654889254408     0.00106605428739396     0.000519513792620783
0.00004003943789777049  -0.000305301704480349   -0.0004954898587520001  -0.000544538499572175   -0.0004904846291451049
-0.000379375795164      -0.00025224906471492    -0.000139137501163977   -0.0000560553995057914  -5.004754941365571e-6
0.0000170167261473813  0.0000217165493865  0.000016015495485739  0.0000195098827311
 
#CORRECTION FILTER:
#CORR_AR: (No. of AR coefficients := mx)
10
#CORR_AR_DATA: (AR coeficients a[k] for k = 1 to mx)
7.59840327009622    -26.79001316139876  57.6618098033958    -83.8186818636754  85.8900207588514
-62.75702404585504  32.23588966854562   -11.11781293674768  2.318693996393763  -0.2213353804759542
 
#CORR_MA: (no. of MA coefficients := mx+1)
11
#CORR_MA_DATA: (MA coefficients b[l] for l = 0 to mx)
0.2213353804759542  -2.318693996393763  11.11781293674768  -32.23588966854562  62.75702404585504
-85.8900207588514   83.8186818636754    -57.6618098033958  26.79001316139876   -7.59840327009622
1
 
#TIMETAG (time tag correction in no. of samples): 
49.
 
#                                                      
#----------------------------------------------------------------------------
#                                                      
# How to remove the noncausal FIR filter response from a digital record x[n]:
# 1. Reverse sequence x[n] in time to obtain sequence x'[n]
# 2. Filter reversed input sequence x'[] using the     
#    difference equation:                              
#                                                       
#            mx                mx                       
#            --                --                       
#    y'[i] =  > a[k]*y'[i-k]   + > b[l] x'[i-l]         
#            __                __                       
#            k=1               l=0                      
#                                                       
#    This corresponds to equ. (8.15) in 'Scherbaum, F: Of poles and zeros,
#    Fundamentals of Digital Seismology, Kluwer Academic Publ., 1996' 
#    mx = number of AR coefficients 
#    b[l] = MA coefficients for l = 0, mx
#    a[k] = AR coefficients for k = 1, mx
#    y'[] = output sequence                                   
# 3. Reverse the output sequence y'[] in time again to obtain the corrected 
#    sequence y[n]! 
# 4. Apply the time tag correction! Since the correction procedure works on
#    the time inverted trace (cf. step 1), a signal front (onset) will appear
#    TIMETAG samples (= TIMETAG/FDIG_EFF secs) too early in the corrected 
#    sequence. In contrast, the envelope of a bandlimited signal, will not be 
#    advanced quite as much. The amount is given by the negative group delay
#    of the correction filter. For a discussion of onset properties and how 
#    they are affected by filters, see Scherbaum, F: Of poles and zeros.
#    
