#METHOD: POLYNOMIAL ROOTING
#FIRNAME file name effective FIR filter coefficients: 
titan.fir
#NO_EFF: (no. of points for effective FIR filter)
128
#FDIG_EFF: (digitization frequency in Hz)
125.
#FIRDATA_EFF: 
6.482803655671887e-6     0.00003722059045685455  0.0000898496437002905    0.0001105337214539759   0.00003933522020815872
-0.00007903339428594336  -0.000093647264293395   0.00004937291305395776   0.0001563379773870111   0.00001858688847278245
-0.0002083804283756763   -0.0001374384446535259  0.0002166482008760795    0.0002995143295265734   -0.0001455907477065921
-0.0004760827869176865   -0.0000332698218699079  0.0006176546448841691    0.0003301606921013445   -0.0006589631084352732
-0.0007260771235451103   0.0005300441407598555   0.001165302353911102     -0.0001723594177747145  -0.001553782727569342
-0.0004411427362356335   0.001767206937074661    0.00128734961617738      -0.00166800431907177    -0.002278570318594575
0.001131578348577023     0.003257798030972481    -0.00007816505967639387  -0.004007069393992424   -0.00149476935621351
0.004270434845238924     0.003485715249553323    -0.003790538525208831    -0.005673978012055159   0.002355081494897604
0.007721053902059793     0.0001528477296233177   -0.0091910595074296      -0.003708397503942251   0.00958873517811298
0.00810975953936577      -0.00840979628264904    -0.01295982953161001     0.005193116143345833    0.01766483299434185
0.0004403929342515767    -0.02144190110266209    -0.00878636538982391     0.02330987527966499     0.0201395433396101
-0.02199181169271469     -0.03508297726511955    0.01549523510038853      0.05543293431401253     0.000640753540210426
-0.0883568227291107      -0.04388677701354027    0.1829670071601868       0.4094543159008027      0.4094543159008027
0.1829670071601868       -0.04388677701354027    -0.0883568227291107      0.000640753540210426    0.05543293431401253
0.01549523510038853      -0.03508297726511955    -0.02199181169271469     0.0201395433396101      0.02330987527966499
-0.00878636538982391     -0.02144190110266209    0.0004403929342515767    0.01766483299434185     0.005193116143345833
-0.01295982953161001     -0.00840979628264904    0.00810975953936577      0.00958873517811298     -0.003708397503942251
-0.0091910595074296      0.0001528477296233177   0.007721053902059793     0.002355081494897604    -0.005673978012055159
-0.003790538525208831    0.003485715249553323    0.004270434845238924     -0.00149476935621351    -0.004007069393992424
-0.00007816505967639387  0.003257798030972481    0.001131578348577023     -0.002278570318594575   -0.00166800431907177
0.00128734961617738      0.001767206937074661    -0.0004411427362356335   -0.001553782727569342   -0.0001723594177747145
0.001165302353911102     0.0005300441407598555   -0.0007260771235451103   -0.0006589631084352732  0.0003301606921013445
0.0006176546448841691    -0.0000332698218699079  -0.0004760827869176865   -0.0001455907477065921  0.0002995143295265734
0.0002166482008760795    -0.0001374384446535259  -0.0002083804283756763   0.00001858688847278245  0.0001563379773870111
0.00004937291305395776   -0.000093647264293395   -0.00007903339428594336  0.00003933522020815872  0.0001105337214539759
0.0000898496437002905  0.00003722059045685455  6.482803655671887e-6
 
#CORRECTION FILTER:
#CORR_AR: (No. of AR coefficients := mx)
31
#CORR_AR_DATA: (AR coeficients a[k] for k = 1 to mx)
15.81823458264099   -125.0700366919634  658.1155719336292   -2588.725668223045  8105.81621556537
-21005.97013032838  46241.85410744845   -88060.4779389605   146967.0490747861   -216950.580096421
285066.2926528411   -334692.7259895251  351663.8814642433   -330356.9745524253  276361.2026606837
-204139.9099494577  130994.5814263186   -70636.28649667526  29480.47771277596   -6781.353326611148
-2513.937163453098  4349.459630004898   -3277.983870486087  1793.283370651772   -775.9036660386723
270.3713584073826   -75.21521664132199  16.22100210132065   -2.56163621680912   0.2647407881910157
-0.01348525444773482
 
#CORR_MA: (no. of MA coefficients := mx+1)
32
#CORR_MA_DATA: (MA coefficients b[l] for l = 0 to mx)
0.01348525444773482  -0.2647407881910157  2.56163621680912    -16.22100210132065  75.21521664132199
-270.3713584073826   775.9036660386723    -1793.283370651772  3277.983870486087   -4349.459630004898
2513.937163453098    6781.353326611148    -29480.47771277596  70636.28649667526   -130994.5814263186
204139.9099494577    -276361.2026606837   330356.9745524253   -351663.8814642433  334692.7259895251
-285066.2926528411   216950.580096421     -146967.0490747861  88060.4779389605    -46241.85410744845
21005.97013032838    -8105.81621556537    2588.725668223045   -658.1155719336292  125.0700366919634
-15.81823458264099  1
 
#TIMETAG (time tag correction in no. of samples): 
63.5
 
#                                                      
#----------------------------------------------------------------------------
#                                                      
# How to remove the noncausal FIR filter response from a digital record x[n]:
# 1. Reverse sequence x[n] in time to obtain sequence x'[n]
# 2. Filter reversed input sequence x'[] using the     
#    difference equation:                              
#                                                       
#            mx                mx                       
#            --                --                       
#    y'[i] =  > a[k]*y'[i-k]   + > b[l] x'[i-l]         
#            __                __                       
#            k=1               l=0                      
#                                                       
#    This corresponds to equ. (8.15) in 'Scherbaum, F: Of poles and zeros,
#    Fundamentals of Digital Seismology, Kluwer Academic Publ., 1996' 
#    mx = number of AR coefficients 
#    b[l] = MA coefficients for l = 0, mx
#    a[k] = AR coefficients for k = 1, mx
#    y'[] = output sequence                                   
# 3. Reverse the output sequence y'[] in time again to obtain the corrected 
#    sequence y[n]! 
# 4. Apply the time tag correction! Since the correction procedure works on
#    the time inverted trace (cf. step 1), a signal front (onset) will appear
#    TIMETAG samples (= TIMETAG/FDIG_EFF secs) too early in the corrected 
#    sequence. In contrast, the envelope of a bandlimited signal, will not be 
#    advanced quite as much. The amount is given by the negative group delay
#    of the correction filter. For a discussion of onset properties and how 
#    they are affected by filters, see Scherbaum, F: Of poles and zeros.
#    
